\BOOKMARK [0][-]{chapter*.2}{Introduction and Executive Summary}{}% 1
\BOOKMARK [0][-]{chapter.1}{Variables and Calculations}{}% 2
\BOOKMARK [0][-]{chapter.2}{Data Streams}{}% 3
\BOOKMARK [1][-]{section.2.1}{Beam Position Monitors}{chapter.2}% 4
\BOOKMARK [1][-]{section.2.2}{PHENIX Raw Data Format}{chapter.2}% 5
\BOOKMARK [1][-]{section.2.3}{Data Summary Tape}{chapter.2}% 6
\BOOKMARK [1][-]{section.2.4}{Wall Current Monitor and Direct-Current Current-Transformer}{chapter.2}% 7
\BOOKMARK [1][-]{section.2.5}{Software Repositories}{chapter.2}% 8
\BOOKMARK [0][-]{chapter.3}{Beam Position Monitoring}{}% 9
\BOOKMARK [0][-]{chapter.4}{Systematic Corrections}{}% 10
\BOOKMARK [1][-]{section.4.1}{Crossing Angle and *: The Hourglass Effect}{chapter.4}% 11
\BOOKMARK [1][-]{section.4.2}{Luminosity Losses}{chapter.4}% 12
\BOOKMARK [1][-]{section.4.3}{Beam Position Monitoring vs Planned Scan Steps}{chapter.4}% 13
\BOOKMARK [1][-]{section.4.4}{Time Synchronization}{chapter.4}% 14
\BOOKMARK [0][-]{chapter.5}{Hourglass Correction}{}% 15
\BOOKMARK [1][-]{section.5.1}{Introduction}{chapter.5}% 16
\BOOKMARK [1][-]{section.5.2}{Realistically Modeling the Beam}{chapter.5}% 17
\BOOKMARK [1][-]{section.5.3}{Monte Carlo Simulation and Numerically Integrated Luminosity}{chapter.5}% 18
\BOOKMARK [0][-]{chapter.6}{Multiple Collisions}{}% 19
\BOOKMARK [0][-]{chapter.7}{Acknowledgements}{}% 20
