This is pdfTeX, Version 3.1415926-2.5-1.40.14 (TeX Live 2013/Debian) (format=pdflatex 2016.5.3)  9 MAY 2016 13:14
entering extended mode
 restricted \write18 enabled.
 %&-line parsing enabled.
**main.tex
(./main.tex
LaTeX2e <2011/06/27>
Babel <3.9h> and hyphenation patterns for 78 languages loaded.
(/usr/share/texlive/texmf-dist/tex/latex/base/book.cls
Document Class: book 2007/10/19 v1.4h Standard LaTeX document class
(/usr/share/texlive/texmf-dist/tex/latex/base/bk12.clo
File: bk12.clo 2007/10/19 v1.4h Standard LaTeX file (size option)
)
\c@part=\count79
\c@chapter=\count80
\c@section=\count81
\c@subsection=\count82
\c@subsubsection=\count83
\c@paragraph=\count84
\c@subparagraph=\count85
\c@figure=\count86
\c@table=\count87
\abovecaptionskip=\skip41
\belowcaptionskip=\skip42
\bibindent=\dimen102
) (../main/front.tex
(/usr/share/texlive/texmf-dist/tex/latex/lineno/lineno.sty
Package: lineno 2005/11/02 line numbers on paragraphs v4.41
\linenopenalty=\count88
\output=\toks14
\linenoprevgraf=\count89
\linenumbersep=\dimen103
\linenumberwidth=\dimen104
\c@linenumber=\count90
\c@pagewiselinenumber=\count91
\c@LN@truepage=\count92
\c@internallinenumber=\count93
\c@internallinenumbers=\count94
\quotelinenumbersep=\dimen105
\bframerule=\dimen106
\bframesep=\dimen107
\bframebox=\box26
LaTeX Info: Redefining \\ on input line 3056.
)
(/usr/share/texlive/texmf-dist/tex/latex/tools/verbatim.sty
Package: verbatim 2003/08/22 v1.5q LaTeX2e package for verbatim enhancements
\every@verbatim=\toks15
\verbatim@line=\toks16
\verbatim@in@stream=\read1
)
(/usr/share/texlive/texmf-dist/tex/latex/psnfss/mathpple.sty
Package: mathpple 2005/04/12 PSNFSS-v9.2a Palatino w/ Math (WaS) 


Package mathpple Warning: This package is to be regarded as obsolete.
(mathpple)                See the PSNFSS documentation.

) (/usr/share/texlive/texmf-dist/tex/latex/float/float.sty
Package: float 2001/11/08 v1.3d Float enhancements (AL)
\c@float@type=\count95
\float@exts=\toks17
\float@box=\box27
\@float@everytoks=\toks18
\@floatcapt=\box28
)
(/usr/share/texlive/texmf-dist/tex/latex/graphics/graphicx.sty
Package: graphicx 1999/02/16 v1.0f Enhanced LaTeX Graphics (DPC,SPQR)

(/usr/share/texlive/texmf-dist/tex/latex/graphics/keyval.sty
Package: keyval 1999/03/16 v1.13 key=value parser (DPC)
\KV@toks@=\toks19
)
(/usr/share/texlive/texmf-dist/tex/latex/graphics/graphics.sty
Package: graphics 2009/02/05 v1.0o Standard LaTeX Graphics (DPC,SPQR)

(/usr/share/texlive/texmf-dist/tex/latex/graphics/trig.sty
Package: trig 1999/03/16 v1.09 sin cos tan (DPC)
)
(/usr/share/texlive/texmf-dist/tex/latex/latexconfig/graphics.cfg
File: graphics.cfg 2010/04/23 v1.9 graphics configuration of TeX Live
)
Package graphics Info: Driver file: pdftex.def on input line 91.

(/usr/share/texlive/texmf-dist/tex/latex/pdftex-def/pdftex.def
File: pdftex.def 2011/05/27 v0.06d Graphics/color for pdfTeX

(/usr/share/texlive/texmf-dist/tex/generic/oberdiek/infwarerr.sty
Package: infwarerr 2010/04/08 v1.3 Providing info/warning/error messages (HO)
)
(/usr/share/texlive/texmf-dist/tex/generic/oberdiek/ltxcmds.sty
Package: ltxcmds 2011/11/09 v1.22 LaTeX kernel commands for general use (HO)
)
\Gread@gobject=\count96
))
\Gin@req@height=\dimen108
\Gin@req@width=\dimen109
)
(/usr/share/texlive/texmf-dist/tex/latex/rotating/rotating.sty
Package: rotating 2009/03/28 v2.16a rotated objects in LaTeX

(/usr/share/texlive/texmf-dist/tex/latex/base/ifthen.sty
Package: ifthen 2001/05/26 v1.1c Standard LaTeX ifthen package (DPC)
)
\c@r@tfl@t=\count97
\rotFPtop=\skip43
\rotFPbot=\skip44
\rot@float@box=\box29
\rot@mess@toks=\toks20
)
(/usr/share/texlive/texmf-dist/tex/latex/graphics/color.sty
Package: color 2005/11/14 v1.0j Standard LaTeX Color (DPC)

(/usr/share/texlive/texmf-dist/tex/latex/latexconfig/color.cfg
File: color.cfg 2007/01/18 v1.5 color configuration of teTeX/TeXLive
)
Package color Info: Driver file: pdftex.def on input line 130.

(/usr/share/texlive/texmf-dist/tex/latex/graphics/dvipsnam.def
File: dvipsnam.def 1999/02/16 v3.0i Driver-dependant file (DPC,SPQR)
))
(/usr/share/texlive/texmf-dist/tex/latex/microtype/microtype.sty
Package: microtype 2013/05/23 v2.5a Micro-typographical refinements (RS)
\MT@toks=\toks21
\MT@count=\count98
LaTeX Info: Redefining \textls on input line 766.
\MT@outer@kern=\dimen110
LaTeX Info: Redefining \textmicrotypecontext on input line 1285.
\MT@listname@count=\count99

(/usr/share/texlive/texmf-dist/tex/latex/microtype/microtype-pdftex.def
File: microtype-pdftex.def 2013/05/23 v2.5a Definitions specific to pdftex (RS)

LaTeX Info: Redefining \lsstyle on input line 915.
LaTeX Info: Redefining \lslig on input line 915.
\MT@outer@space=\skip45
)
Package microtype Info: Loading configuration file microtype.cfg.

(/usr/share/texlive/texmf-dist/tex/latex/microtype/microtype.cfg
File: microtype.cfg 2013/05/23 v2.5a microtype main configuration file (RS)
))
(/usr/share/texlive/texmf-dist/tex/latex/tabulary/tabulary.sty
Package: tabulary 2008/12/01 v0.9 tabulary package (DPC)

(/usr/share/texlive/texmf-dist/tex/latex/tools/array.sty
Package: array 2008/09/09 v2.4c Tabular extension package (FMi)
\col@sep=\dimen111
\extrarowheight=\dimen112
\NC@list=\toks22
\extratabsurround=\skip46
\backup@length=\skip47
)
\TY@count=\count100
\TY@linewidth=\dimen113
\tymin=\dimen114
\tymax=\dimen115
\TY@tablewidth=\dimen116
)
(/usr/share/texlive/texmf-dist/tex/latex/booktabs/booktabs.sty
Package: booktabs 2005/04/14 v1.61803 publication quality tables
\heavyrulewidth=\dimen117
\lightrulewidth=\dimen118
\cmidrulewidth=\dimen119
\belowrulesep=\dimen120
\belowbottomsep=\dimen121
\aboverulesep=\dimen122
\abovetopsep=\dimen123
\cmidrulesep=\dimen124
\cmidrulekern=\dimen125
\defaultaddspace=\dimen126
\@cmidla=\count101
\@cmidlb=\count102
\@aboverulesep=\dimen127
\@belowrulesep=\dimen128
\@thisruleclass=\count103
\@lastruleclass=\count104
\@thisrulewidth=\dimen129
)
(/usr/share/texlive/texmf-dist/tex/latex/multirow/multirow.sty
\bigstrutjot=\dimen130
)
(/usr/share/texlive/texmf-dist/tex/latex/tools/dcolumn.sty
Package: dcolumn 2001/05/28 v1.06 decimal alignment package (DPC)
)
(/usr/share/texlive/texmf-dist/tex/latex/multirow/bigdelim.sty)
(/usr/share/texlive/texmf-dist/tex/latex/hyperref/hyperref.sty
Package: hyperref 2012/11/06 v6.83m Hypertext links for LaTeX

(/usr/share/texlive/texmf-dist/tex/generic/oberdiek/hobsub-hyperref.sty
Package: hobsub-hyperref 2012/05/28 v1.13 Bundle oberdiek, subset hyperref (HO)


(/usr/share/texlive/texmf-dist/tex/generic/oberdiek/hobsub-generic.sty
Package: hobsub-generic 2012/05/28 v1.13 Bundle oberdiek, subset generic (HO)
Package: hobsub 2012/05/28 v1.13 Construct package bundles (HO)
Package hobsub Info: Skipping package `infwarerr' (already loaded).
Package hobsub Info: Skipping package `ltxcmds' (already loaded).
Package: ifluatex 2010/03/01 v1.3 Provides the ifluatex switch (HO)
Package ifluatex Info: LuaTeX not detected.
Package: ifvtex 2010/03/01 v1.5 Detect VTeX and its facilities (HO)
Package ifvtex Info: VTeX not detected.
Package: intcalc 2007/09/27 v1.1 Expandable calculations with integers (HO)
Package: ifpdf 2011/01/30 v2.3 Provides the ifpdf switch (HO)
Package ifpdf Info: pdfTeX in PDF mode is detected.
Package: etexcmds 2011/02/16 v1.5 Avoid name clashes with e-TeX commands (HO)
Package etexcmds Info: Could not find \expanded.
(etexcmds)             That can mean that you are not using pdfTeX 1.50 or
(etexcmds)             that some package has redefined \expanded.
(etexcmds)             In the latter case, load this package earlier.
Package: kvsetkeys 2012/04/25 v1.16 Key value parser (HO)
Package: kvdefinekeys 2011/04/07 v1.3 Define keys (HO)
Package: pdftexcmds 2011/11/29 v0.20 Utility functions of pdfTeX for LuaTeX (HO
)
Package pdftexcmds Info: LuaTeX not detected.
Package pdftexcmds Info: \pdf@primitive is available.
Package pdftexcmds Info: \pdf@ifprimitive is available.
Package pdftexcmds Info: \pdfdraftmode found.
Package: pdfescape 2011/11/25 v1.13 Implements pdfTeX's escape features (HO)
Package: bigintcalc 2012/04/08 v1.3 Expandable calculations on big integers (HO
)
Package: bitset 2011/01/30 v1.1 Handle bit-vector datatype (HO)
Package: uniquecounter 2011/01/30 v1.2 Provide unlimited unique counter (HO)
)
Package hobsub Info: Skipping package `hobsub' (already loaded).
Package: letltxmacro 2010/09/02 v1.4 Let assignment for LaTeX macros (HO)
Package: hopatch 2012/05/28 v1.2 Wrapper for package hooks (HO)
Package: xcolor-patch 2011/01/30 xcolor patch
Package: atveryend 2011/06/30 v1.8 Hooks at the very end of document (HO)
Package atveryend Info: \enddocument detected (standard20110627).
Package: atbegshi 2011/10/05 v1.16 At begin shipout hook (HO)
Package: refcount 2011/10/16 v3.4 Data extraction from label references (HO)
Package: hycolor 2011/01/30 v1.7 Color options for hyperref/bookmark (HO)
)
(/usr/share/texlive/texmf-dist/tex/generic/ifxetex/ifxetex.sty
Package: ifxetex 2010/09/12 v0.6 Provides ifxetex conditional
)
(/usr/share/texlive/texmf-dist/tex/latex/oberdiek/auxhook.sty
Package: auxhook 2011/03/04 v1.3 Hooks for auxiliary files (HO)
)
(/usr/share/texlive/texmf-dist/tex/latex/oberdiek/kvoptions.sty
Package: kvoptions 2011/06/30 v3.11 Key value format for package options (HO)
)
\@linkdim=\dimen131
\Hy@linkcounter=\count105
\Hy@pagecounter=\count106

(/usr/share/texlive/texmf-dist/tex/latex/hyperref/pd1enc.def
File: pd1enc.def 2012/11/06 v6.83m Hyperref: PDFDocEncoding definition (HO)
)
\Hy@SavedSpaceFactor=\count107

(/usr/share/texlive/texmf-dist/tex/latex/latexconfig/hyperref.cfg
File: hyperref.cfg 2002/06/06 v1.2 hyperref configuration of TeXLive
)
Package hyperref Info: Option `plainpages' set `false' on input line 4319.
Package hyperref Info: Option `pdfpagelabels' set `true' on input line 4319.
Package hyperref Info: Hyper figures OFF on input line 4443.
Package hyperref Info: Link nesting OFF on input line 4448.
Package hyperref Info: Hyper index ON on input line 4451.
Package hyperref Info: Plain pages OFF on input line 4458.
Package hyperref Info: Backreferencing ON on input line 4461.
Package hyperref Info: Implicit mode ON; LaTeX internals redefined.
Package hyperref Info: Bookmarks ON on input line 4688.

(/usr/share/texlive/texmf-dist/tex/latex/hyperref/backref.sty
Package: backref 2012/07/25 v1.38 Bibliographical back referencing

(/usr/share/texlive/texmf-dist/tex/latex/oberdiek/rerunfilecheck.sty
Package: rerunfilecheck 2011/04/15 v1.7 Rerun checks for auxiliary files (HO)
Package uniquecounter Info: New unique counter `rerunfilecheck' on input line 2
82.
))
\c@Hy@tempcnt=\count108

(/usr/share/texlive/texmf-dist/tex/latex/url/url.sty
\Urlmuskip=\muskip10
Package: url 2013/09/16  ver 3.4  Verb mode for urls, etc.
)
LaTeX Info: Redefining \url on input line 5041.
\XeTeXLinkMargin=\dimen132
\Fld@menulength=\count109
\Field@Width=\dimen133
\Fld@charsize=\dimen134
Package hyperref Info: Hyper figures OFF on input line 6295.
Package hyperref Info: Link nesting OFF on input line 6300.
Package hyperref Info: Hyper index ON on input line 6303.
Package hyperref Info: backreferencing ON on input line 6308.
Package hyperref Info: Link coloring OFF on input line 6315.
Package hyperref Info: Link coloring with OCG OFF on input line 6320.
Package hyperref Info: PDF/A mode OFF on input line 6325.
LaTeX Info: Redefining \ref on input line 6365.
LaTeX Info: Redefining \pageref on input line 6369.
\Hy@abspage=\count110
\c@Item=\count111
\c@Hfootnote=\count112
)

Package hyperref Message: Driver: hpdftex.

(/usr/share/texlive/texmf-dist/tex/latex/hyperref/hpdftex.def
File: hpdftex.def 2012/11/06 v6.83m Hyperref driver for pdfTeX
\Fld@listcount=\count113
\c@bookmark@seq@number=\count114
\Hy@SectionHShift=\skip48
)
(/usr/share/texlive/texmf-dist/tex/latex/appendix/appendix.sty
Package: appendix 2009/09/02 v1.2b extra appendix facilities
\c@@pps=\count115
\c@@ppsavesec=\count116
\c@@ppsaveapp=\count117
)
(/usr/share/texlive/texmf-dist/tex/latex/caption/caption.sty
Package: caption 2013/05/02 v3.3-89 Customizing captions (AR)

(/usr/share/texlive/texmf-dist/tex/latex/caption/caption3.sty
Package: caption3 2013/05/02 v1.6-88 caption3 kernel (AR)
Package caption3 Info: TeX engine: e-TeX on input line 57.
\captionmargin=\dimen135
\captionmargin@=\dimen136
\captionwidth=\dimen137
\caption@tempdima=\dimen138
\caption@indent=\dimen139
\caption@parindent=\dimen140
\caption@hangindent=\dimen141
)
\c@ContinuedFloat=\count118
Package caption Info: float package is loaded.
Package caption Info: hyperref package is loaded.
Package caption Info: rotating package is loaded.
)
(/usr/share/texlive/texmf-dist/tex/latex/moresize/moresize.sty
Package: moresize 1999/07/26 v1.9 (more font sizes)
)
(/usr/share/texlive/texmf-dist/tex/latex/psnfss/helvet.sty
Package: helvet 2005/04/12 PSNFSS-v9.2a (WaS) 
)
(/usr/share/texlive/texmf-dist/tex/latex/sectsty/sectsty.sty
Package: sectsty 2002/02/25 v2.0.2 Commands to change all sectional heading sty
les
)
(/usr/share/texlive/texmf-dist/tex/latex/titlesec/titletoc.sty
Package: titletoc 2011/12/15 v1.6 TOC entries
\ttl@leftsep=\dimen142
)
(/usr/share/texlive/texmf-dist/tex/latex/geometry/geometry.sty
Package: geometry 2010/09/12 v5.6 Page Geometry
\Gm@cnth=\count119
\Gm@cntv=\count120
\c@Gm@tempcnt=\count121
\Gm@bindingoffset=\dimen143
\Gm@wd@mp=\dimen144
\Gm@odd@mp=\dimen145
\Gm@even@mp=\dimen146
\Gm@layoutwidth=\dimen147
\Gm@layoutheight=\dimen148
\Gm@layouthoffset=\dimen149
\Gm@layoutvoffset=\dimen150
\Gm@dimlist=\toks23
)
(/usr/share/texlive/texmf-dist/tex/latex/fancyhdr/fancyhdr.sty
\fancy@headwidth=\skip49
\f@ncyO@elh=\skip50
\f@ncyO@erh=\skip51
\f@ncyO@olh=\skip52
\f@ncyO@orh=\skip53
\f@ncyO@elf=\skip54
\f@ncyO@erf=\skip55
\f@ncyO@olf=\skip56
\f@ncyO@orf=\skip57
)
(/usr/share/texlive/texmf-dist/tex/latex/amsmath/amsmath.sty
Package: amsmath 2013/01/14 v2.14 AMS math features
\@mathmargin=\skip58

For additional information on amsmath, use the `?' option.
(/usr/share/texlive/texmf-dist/tex/latex/amsmath/amstext.sty
Package: amstext 2000/06/29 v2.01

(/usr/share/texlive/texmf-dist/tex/latex/amsmath/amsgen.sty
File: amsgen.sty 1999/11/30 v2.0
\@emptytoks=\toks24
\ex@=\dimen151
))
(/usr/share/texlive/texmf-dist/tex/latex/amsmath/amsbsy.sty
Package: amsbsy 1999/11/29 v1.2d
\pmbraise@=\dimen152
)
(/usr/share/texlive/texmf-dist/tex/latex/amsmath/amsopn.sty
Package: amsopn 1999/12/14 v2.01 operator names
)
\inf@bad=\count122
LaTeX Info: Redefining \frac on input line 210.
\uproot@=\count123
\leftroot@=\count124
LaTeX Info: Redefining \overline on input line 306.
\classnum@=\count125
\DOTSCASE@=\count126
LaTeX Info: Redefining \ldots on input line 378.
LaTeX Info: Redefining \dots on input line 381.
LaTeX Info: Redefining \cdots on input line 466.
\Mathstrutbox@=\box30
\strutbox@=\box31
\big@size=\dimen153
LaTeX Font Info:    Redeclaring font encoding OML on input line 566.
LaTeX Font Info:    Redeclaring font encoding OMS on input line 567.
\macc@depth=\count127
\c@MaxMatrixCols=\count128
\dotsspace@=\muskip11
\c@parentequation=\count129
\dspbrk@lvl=\count130
\tag@help=\toks25
\row@=\count131
\column@=\count132
\maxfields@=\count133
\andhelp@=\toks26
\eqnshift@=\dimen154
\alignsep@=\dimen155
\tagshift@=\dimen156
\tagwidth@=\dimen157
\totwidth@=\dimen158
\lineht@=\dimen159
\@envbody=\toks27
\multlinegap=\skip59
\multlinetaggap=\skip60
\mathdisplay@stack=\toks28
LaTeX Info: Redefining \[ on input line 2665.
LaTeX Info: Redefining \] on input line 2666.
))
(/usr/share/texlive/texmf-dist/tex/latex/amsfonts/amssymb.sty
Package: amssymb 2013/01/14 v3.01 AMS font symbols

(/usr/share/texlive/texmf-dist/tex/latex/amsfonts/amsfonts.sty
Package: amsfonts 2013/01/14 v3.01 Basic AMSFonts support
\symAMSa=\mathgroup4
\symAMSb=\mathgroup5
LaTeX Font Info:    Overwriting math alphabet `\mathfrak' in version `bold'
(Font)                  U/euf/m/n --> U/euf/b/n on input line 106.
)) (./main.aux)
\openout1 = `main.aux'.

LaTeX Font Info:    Checking defaults for OML/cmm/m/it on input line 13.
LaTeX Font Info:    ... okay on input line 13.
LaTeX Font Info:    Checking defaults for T1/cmr/m/n on input line 13.
LaTeX Font Info:    ... okay on input line 13.
LaTeX Font Info:    Checking defaults for OT1/cmr/m/n on input line 13.
LaTeX Font Info:    ... okay on input line 13.
LaTeX Font Info:    Checking defaults for OMS/cmsy/m/n on input line 13.
LaTeX Font Info:    ... okay on input line 13.
LaTeX Font Info:    Checking defaults for OMX/cmex/m/n on input line 13.
LaTeX Font Info:    ... okay on input line 13.
LaTeX Font Info:    Checking defaults for U/cmr/m/n on input line 13.
LaTeX Font Info:    ... okay on input line 13.
LaTeX Font Info:    Checking defaults for PD1/pdf/m/n on input line 13.
LaTeX Font Info:    ... okay on input line 13.
LaTeX Font Info:    Try loading font information for OT1+ppl on input line 13.

(/usr/share/texlive/texmf-dist/tex/latex/psnfss/ot1ppl.fd
File: ot1ppl.fd 2001/06/04 font definitions for OT1/ppl.
)
(/usr/share/texlive/texmf-dist/tex/context/base/supp-pdf.mkii
[Loading MPS to PDF converter (version 2006.09.02).]
\scratchcounter=\count134
\scratchdimen=\dimen160
\scratchbox=\box32
\nofMPsegments=\count135
\nofMParguments=\count136
\everyMPshowfont=\toks29
\MPscratchCnt=\count137
\MPscratchDim=\dimen161
\MPnumerator=\count138
\makeMPintoPDFobject=\count139
\everyMPtoPDFconversion=\toks30
) (/usr/share/texlive/texmf-dist/tex/latex/oberdiek/epstopdf-base.sty
Package: epstopdf-base 2010/02/09 v2.5 Base part for package epstopdf

(/usr/share/texlive/texmf-dist/tex/latex/oberdiek/grfext.sty
Package: grfext 2010/08/19 v1.1 Manage graphics extensions (HO)
)
Package grfext Info: Graphics extension search list:
(grfext)             [.png,.pdf,.jpg,.mps,.jpeg,.jbig2,.jb2,.PNG,.PDF,.JPG,.JPE
G,.JBIG2,.JB2,.eps]
(grfext)             \AppendGraphicsExtensions on input line 452.

(/usr/share/texlive/texmf-dist/tex/latex/latexconfig/epstopdf-sys.cfg
File: epstopdf-sys.cfg 2010/07/13 v1.3 Configuration of (r)epstopdf for TeX Liv
e
))
LaTeX Info: Redefining \microtypecontext on input line 13.
Package microtype Info: Generating PDF output.
Package microtype Info: Character protrusion enabled (level 2).
Package microtype Info: Using default protrusion set `alltext'.
Package microtype Info: Automatic font expansion enabled (level 2),
(microtype)             stretch: 20, shrink: 20, step: 1, non-selected.
Package microtype Info: Using default expansion set `basictext'.
Package microtype Info: No adjustment of tracking.
Package microtype Info: No adjustment of interword spacing.
Package microtype Info: No adjustment of character kerning.

(/usr/share/texlive/texmf-dist/tex/latex/microtype/mt-ppl.cfg
File: mt-ppl.cfg 2005/11/16 v1.6 microtype config. file: Palatino (RS)
)
\AtBeginShipoutBox=\box33
Package hyperref Info: Link coloring OFF on input line 13.

(/usr/share/texlive/texmf-dist/tex/latex/hyperref/nameref.sty
Package: nameref 2012/10/27 v2.43 Cross-referencing by name of section

(/usr/share/texlive/texmf-dist/tex/generic/oberdiek/gettitlestring.sty
Package: gettitlestring 2010/12/03 v1.4 Cleanup title references (HO)
)
\c@section@level=\count140
)
LaTeX Info: Redefining \ref on input line 13.
LaTeX Info: Redefining \pageref on input line 13.
LaTeX Info: Redefining \nameref on input line 13.

(./main.out) (./main.out)
\@outlinefile=\write3
\openout3 = `main.out'.

Package caption Info: Begin \AtBeginDocument code.
Package caption Info: End \AtBeginDocument code.

*geometry* driver: auto-detecting
*geometry* detected driver: pdftex
*geometry* verbose mode - [ preamble ] result:
* driver: pdftex
* paper: <default>
* layout: <same size as paper>
* layoutoffset:(h,v)=(0.0pt,0.0pt)
* hratio: 1:1
* vratio: 1:1
* modes: twoside 
* h-part:(L,W,R)=(72.27pt, 469.75499pt, 72.27pt)
* v-part:(T,H,B)=(81.30374pt, 632.36249pt, 81.30376pt)
* \paperwidth=614.295pt
* \paperheight=794.96999pt
* \textwidth=469.75499pt
* \textheight=632.36249pt
* \oddsidemargin=0.00002pt
* \evensidemargin=0.00002pt
* \topmargin=-25.84004pt
* \headheight=15.0pt
* \headsep=19.8738pt
* \topskip=12.0pt
* \footskip=30.0pt
* \marginparwidth=98.0pt
* \marginparsep=7.0pt
* \columnsep=10.0pt
* \skip\footins=10.8pt plus 4.0pt minus 2.0pt
* \hoffset=0.0pt
* \voffset=0.0pt
* \mag=1000
* \@twocolumnfalse
* \@twosidetrue
* \@mparswitchtrue
* \@reversemarginfalse
* (1in=72.27pt=25.4mm, 1cm=28.453pt)

(../intro/intro.tex (../intro/titlepage.tex
LaTeX Font Info:    Try loading font information for OT1+phv on input line 2.

(/usr/share/texlive/texmf-dist/tex/latex/psnfss/ot1phv.fd
File: ot1phv.fd 2001/06/04 scalable font definitions for OT1/phv.
)
LaTeX Font Info:    Font shape `OT1/phv/m/n' will be
(Font)              scaled to size 11.39996pt on input line 2.
Package microtype Info: Loading generic settings for font family
(microtype)             `phv' (encoding: OT1).
(microtype)             For optimal results, create family-specific settings.
(microtype)             See the microtype manual for details.
LaTeX Font Info:    Font shape `OT1/phv/m/n' will be
(Font)              scaled to size 23.63593pt on input line 10.
LaTeX Font Info:    Font shape `OT1/phv/bx/n' in size <24.88> not available
(Font)              Font shape `OT1/phv/b/n' tried instead on input line 10.
LaTeX Font Info:    Font shape `OT1/phv/b/n' will be
(Font)              scaled to size 23.63593pt on input line 10.
LaTeX Font Info:    Font shape `OT1/phv/m/it' in size <12> not available
(Font)              Font shape `OT1/phv/m/sl' tried instead on input line 12.
LaTeX Font Info:    Font shape `OT1/phv/m/sl' will be
(Font)              scaled to size 11.39996pt on input line 12.
LaTeX Font Info:    Try loading font information for OT1+zpple on input line 13
.

(/usr/share/texlive/texmf-dist/tex/latex/psnfss/ot1zpple.fd
File: ot1zpple.fd 1999/12/20 Fontinst v1.801 font definitions for OT1/zpple.
)
Package microtype Info: Loading generic settings for font family
(microtype)             `zpple' (encoding: OT1).
(microtype)             For optimal results, create family-specific settings.
(microtype)             See the microtype manual for details.
LaTeX Font Info:    Try loading font information for OML+zpple on input line 13
.

(/usr/share/texlive/texmf-dist/tex/latex/psnfss/omlzpple.fd
File: omlzpple.fd 1999/12/20 Fontinst v1.801 font definitions for OML/zpple.
)
LaTeX Font Info:    Try loading font information for OMS+zpple on input line 13
.

(/usr/share/texlive/texmf-dist/tex/latex/psnfss/omszpple.fd
File: omszpple.fd 1999/12/20 Fontinst v1.801 font definitions for OMS/zpple.
)
LaTeX Font Info:    Try loading font information for OMX+zpple on input line 13
.

(/usr/share/texlive/texmf-dist/tex/latex/psnfss/omxzpple.fd
File: omxzpple.fd 1999/12/20 Fontinst v1.801 font definitions for OMX/zpple.
)
LaTeX Font Info:    Font shape `U/msa/m/n' will be
(Font)              scaled to size 12.50409pt on input line 13.

(/usr/share/texlive/texmf-dist/tex/latex/microtype/mt-msa.cfg
File: mt-msa.cfg 2006/02/04 v1.1 microtype config. file: AMS symbols (a) (RS)
)
LaTeX Font Info:    Font shape `U/msa/m/n' will be
(Font)              scaled to size 9.37807pt on input line 13.
LaTeX Font Info:    Font shape `U/msa/m/n' will be
(Font)              scaled to size 7.29405pt on input line 13.
LaTeX Font Info:    Font shape `U/msb/m/n' will be
(Font)              scaled to size 12.50409pt on input line 13.

(/usr/share/texlive/texmf-dist/tex/latex/microtype/mt-msb.cfg
File: mt-msb.cfg 2005/06/01 v1.0 microtype config. file: AMS symbols (b) (RS)
)
LaTeX Font Info:    Font shape `U/msb/m/n' will be
(Font)              scaled to size 9.37807pt on input line 13.
LaTeX Font Info:    Font shape `U/msb/m/n' will be
(Font)              scaled to size 7.29405pt on input line 13.
LaTeX Font Info:    Font shape `OT1/phv/m/n' will be
(Font)              scaled to size 16.41594pt on input line 17.

<../intro/figs/scan_symbol_no_axes.png, id=84, 692.5875pt x 487.8225pt>
File: ../intro/figs/scan_symbol_no_axes.png Graphic file (type png)

<use ../intro/figs/scan_symbol_no_axes.png>
Package pdftex.def Info: ../intro/figs/scan_symbol_no_axes.png used on input li
ne 28.
(pdftex.def)             Requested size: 375.80542pt x 264.70052pt.
LaTeX Font Info:    Font shape `OT1/phv/bx/n' in size <12> not available
(Font)              Font shape `OT1/phv/b/n' tried instead on input line 35.
LaTeX Font Info:    Font shape `OT1/phv/b/n' will be
(Font)              scaled to size 11.39996pt on input line 35.
) [1


{/var/lib/texmf/fonts/map/pdftex/updmap/pdftex.map} <../intro/figs/scan_symbol_
no_axes.png>] [2


]
LaTeX Font Info:    Font shape `OT1/ppl/bx/n' in size <29.86> not available
(Font)              Font shape `OT1/ppl/b/n' tried instead on input line 9.
LaTeX Font Info:    Font shape `OT1/phv/m/n' will be
(Font)              scaled to size 28.3669pt on input line 9.


Package amsmath Warning: Foreign command \over;
(amsmath)                \frac or \genfrac should be used instead
(amsmath)                 on input line 31.

[3]
LaTeX Font Info:    Try loading font information for OMS+ppl on input line 63.
 (/usr/share/texlive/texmf-dist/tex/latex/psnfss/omsppl.fd
File: omsppl.fd 
)
LaTeX Font Info:    Font shape `OMS/ppl/m/n' in size <12> not available
(Font)              Font shape `OMS/cmsy/m/n' tried instead on input line 63.
LaTeX Font Info:    Font shape `OT1/ppl/bx/n' in size <12> not available
(Font)              Font shape `OT1/ppl/b/n' tried instead on input line 65.


LaTeX Warning: Citation `an688Bennet2008' on page iv undefined on input line 65
.

(../intro/tables/global_scan_summary.tex
LaTeX Font Info:    Font shape `OT1/ppl/bx/n' in size <10.95> not available
(Font)              Font shape `OT1/ppl/b/n' tried instead on input line 17.
) (../intro/figs/scan_patterns.tex
<../intro/figs/scan_patterns.png, id=116, 669.2503pt x 408.02437pt>
File: ../intro/figs/scan_patterns.png Graphic file (type png)

<use ../intro/figs/scan_patterns.png>
Package pdftex.def Info: ../intro/figs/scan_patterns.png used on input line 3.
(pdftex.def)             Requested size: 352.31624pt x 214.80746pt.
)pdfTeX warning (ext4): destination with the same identifier (name{page.i}) has
 been already used, duplicate ignored
<to be read again> 
                   \relax 
l.80 \clearpage
                [1 <../intro/figs/scan_patterns.png>]pdfTeX warning (ext4): des
tination with the same identifier (name{page.ii}) has been already used, duplic
ate ignored
<to be read again> 
                   \relax 
l.80 \clearpage
                [2] (./main.toc
Underfull \vbox (badness 2343) has occurred while \output is active []

pdfTeX warning (ext4): destination with the same identifier (name{page.iii}) ha
s been already used, duplicate ignored
<to be read again> 
                   \relax 
l.22 ...ine {6}Multiple Collisions}{43}{chapter.6}
                                                   [3



])
\tf@toc=\write4
\openout4 = `main.toc'.

 [4])
(../VariablesAndCalculations/VariablesAndCalculations.tex
Chapter 1.
LaTeX Font Info:    Font shape `OT1/ppl/bx/n' in size <24.88> not available
(Font)              Font shape `OT1/ppl/b/n' tried instead on input line 7.

LaTeX Warning: Citation `an888' on page 1 undefined on input line 34.

(../VariablesAndCalculations/tables/ana_vars.tex
LaTeX Font Info:    Try loading font information for OML+ppl on input line 9.

(/usr/share/texlive/texmf-dist/tex/latex/psnfss/omlppl.fd
File: omlppl.fd 
)
LaTeX Font Info:    Font shape `OML/ppl/m/n' in size <12> not available
(Font)              Font shape `OML/cmm/m/it' tried instead on input line 9.

Underfull \hbox (badness 2285) in paragraph at lines 10--10
\OT1/ppl/m/n/12 (+20) i-mum over-lap of beams rate for "BB-
 []

LaTeX Font Info:    Font shape `U/msa/m/n' will be
(Font)              scaled to size 11.40997pt on input line 23.
LaTeX Font Info:    Font shape `U/msa/m/n' will be
(Font)              scaled to size 8.33606pt on input line 23.
LaTeX Font Info:    Font shape `U/msa/m/n' will be
(Font)              scaled to size 6.25204pt on input line 23.
LaTeX Font Info:    Font shape `U/msb/m/n' will be
(Font)              scaled to size 11.40997pt on input line 23.
LaTeX Font Info:    Font shape `U/msb/m/n' will be
(Font)              scaled to size 8.33606pt on input line 23.
LaTeX Font Info:    Font shape `U/msb/m/n' will be
(Font)              scaled to size 6.25204pt on input line 23.
)) [1




] [2] (../DataStreams/DataStreams.tex
Chapter 2.
[3


] [4]
LaTeX Font Info:    Font shape `OT1/ppl/bx/n' in size <17.28> not available
(Font)              Font shape `OT1/ppl/b/n' tried instead on input line 117.
 [5] (../DataStreams/figs/bpm_schematic_cartoon.tex
<../DataStreams/figs/bpm_schematic.png, id=193, 940.26282pt x 487.8225pt>
File: ../DataStreams/figs/bpm_schematic.png Graphic file (type png)

<use ../DataStreams/figs/bpm_schematic.png>
Package pdftex.def Info: ../DataStreams/figs/bpm_schematic.png used on input li
ne 3.
(pdftex.def)             Requested size: 469.75499pt x 243.71712pt.


LaTeX Warning: Citation `kawallfocus2005' on page 6 undefined on input line 8.


LaTeX Warning: Citation `kawallfocus2005' on page 6 undefined on input line 8.

) (../DataStreams/figs/bpm_ir_xing_cartoon.tex
<../DataStreams/figs/bpm_ir_beam_separation.png, id=194, 1128.46594pt x 568.373
44pt>
File: ../DataStreams/figs/bpm_ir_beam_separation.png Graphic file (type png)
 <use ../DataStreams/figs/bpm_ir_beam_separation.png>
Package pdftex.def Info: ../DataStreams/figs/bpm_ir_beam_separation.png used on
 input line 3.
(pdftex.def)             Requested size: 469.75499pt x 236.59909pt.
) [6 <../DataStreams/figs/bpm_schematic.png>] [7 <../DataStreams/figs/bpm_ir_be
am_separation.png>]
LaTeX Font Info:    Font shape `OT1/ppl/bx/n' in size <14.4> not available
(Font)              Font shape `OT1/ppl/b/n' tried instead on input line 182.
LaTeX Font Info:    Font shape `OT1/phv/m/n' will be
(Font)              scaled to size 13.67995pt on input line 182.

[8] (../DataStreams/tables/prdf_data_summary.tex) [9] [10]
(../DataStreams/tables/dstnodes.tex
Underfull \hbox (badness 2426) in paragraph at lines 9--10
[]|\OT1/ppl/m/n/12 (+20) Bitmask for live-events, raw-
 []


Underfull \hbox (badness 2735) in paragraph at lines 10--11
\OT1/ppl/m/n/12 (+20) (bunch num-ber), four gl1-1p
 []

)
Overfull \hbox (5.12032pt too wide) in paragraph at lines 261--261
[]\OT1/phv/m/n/17.28 Wall Cur-rent Mon-i-tor and Direct-Current Current-Transfo
rmer 
 []

[11] (../DataStreams/figs/wcm_schematic_cartoon.tex
<../DataStreams/figs/wcm_schematic_cartoon.png, id=228, 419.31656pt x 306.39468
pt>
File: ../DataStreams/figs/wcm_schematic_cartoon.png Graphic file (type png)
 <use ../DataStreams/figs/wcm_schematic_cartoon.png>
Package pdftex.def Info: ../DataStreams/figs/wcm_schematic_cartoon.png used on 
input line 3.
(pdftex.def)             Requested size: 352.31624pt x 257.43523pt.


LaTeX Warning: Citation `kawallfocus2005' on page 12 undefined on input line 6.



LaTeX Warning: Citation `kawallfocus2005' on page 12 undefined on input line 6.


) (../DataStreams/figs/dcct_schematic_cartoon.tex
<../DataStreams/figs/dcct_schematic_cartoon.png, id=229, 428.35031pt x 418.5637
5pt>
File: ../DataStreams/figs/dcct_schematic_cartoon.png Graphic file (type png)
 <use ../DataStreams/figs/dcct_schematic_cartoon.png>
Package pdftex.def Info: ../DataStreams/figs/dcct_schematic_cartoon.png used on
 input line 3.
(pdftex.def)             Requested size: 352.31624pt x 344.26552pt.


LaTeX Warning: Citation `kawallfocus2005' on page 12 undefined on input line 7.



LaTeX Warning: Citation `kawallfocus2005' on page 12 undefined on input line 7.


) [12 <../DataStreams/figs/wcm_schematic_cartoon.png>] [13 <../DataStreams/figs
/dcct_schematic_cartoon.png>]) [14]
(../BeamPositionMonitoring/BeamPositionMonitoring.tex
Chapter 3.
(../BeamPositionMonitoring/tables/plannedsteps359711.tex)
(../BeamPositionMonitoring/tables/plannedsteps360879.tex)
(../BeamPositionMonitoring/tables/plannedsteps362492.tex)
(../BeamPositionMonitoring/tables/plannedsteps364636.tex)
(../BeamPositionMonitoring/tables/plannedsteps365866.tex)
(../BeamPositionMonitoring/tables/plannedsteps366605.tex)
(../BeamPositionMonitoring/tables/plannedsteps367138.tex)) [15


] [16] [17]
[18] [19] [20] [21] [22] (../SystematicCorrections/SystematicCorrections.tex
Chapter 4.
LaTeX Font Info:    Font shape `U/msa/m/n' will be
(Font)              scaled to size 18.00587pt on input line 16.
LaTeX Font Info:    Font shape `U/msa/m/n' will be
(Font)              scaled to size 10.42007pt on input line 16.
LaTeX Font Info:    Font shape `U/msb/m/n' will be
(Font)              scaled to size 18.00587pt on input line 16.
LaTeX Font Info:    Font shape `U/msb/m/n' will be
(Font)              scaled to size 10.42007pt on input line 16.

Package hyperref Warning: Token not allowed in a PDF string (PDFDocEncoding):
(hyperref)                removing `math shift' on input line 16.


Package hyperref Warning: Token not allowed in a PDF string (PDFDocEncoding):
(hyperref)                removing `\beta' on input line 16.


Package hyperref Warning: Token not allowed in a PDF string (PDFDocEncoding):
(hyperref)                removing `superscript' on input line 16.


Package hyperref Warning: Token not allowed in a PDF string (PDFDocEncoding):
(hyperref)                removing `math shift' on input line 16.


Package hyperref Warning: Suppressing empty link on input line 19.


LaTeX Warning: Citation `an888' on page 23 undefined on input line 28.

[23


]) [24] (../HourglassCorrection/HourglassCorrection.tex
Chapter 5.

Overfull \hbox (6.94746pt too wide) detected at line 41
\OMS/zpple/m/n/12 L \OT1/zpple/m/n/12 = []
 []


LaTeX Warning: Citation `herr2006lumi' on page 25 undefined on input line 45.


Underfull \vbox (badness 10000) has occurred while \output is active []

 [25


]
(../HourglassCorrection/figs/simple_bunch_head_on.tex
<../HourglassCorrection/figs/simple_bunch_head_on.png, id=309, 908.39375pt x 41
5.5525pt>
File: ../HourglassCorrection/figs/simple_bunch_head_on.png Graphic file (type p
ng)
 <use ../HourglassCorrection/figs/simple_bunch_head_on.png>
Package pdftex.def Info: ../HourglassCorrection/figs/simple_bunch_head_on.png u
sed on input line 3.
(pdftex.def)             Requested size: 469.76161pt x 214.89647pt.
)

LaTeX Warning: Citation `an888' on page 26 undefined on input line 62.


LaTeX Warning: Reference `eq:general_luminosity' on page 26 undefined on input 
line 65.


Underfull \vbox (badness 2158) has occurred while \output is active []

 [26 <../HourglassCorrection/figs/simple_bunch_head_on.png>]
Underfull \vbox (badness 10000) has occurred while \output is active []

 [27]
[28] (../HourglassCorrection/figs/xz_angle.tex
<../HourglassCorrection/figs/xing_bunch.png, id=364, 1021.8175pt x 327.2225pt>
File: ../HourglassCorrection/figs/xing_bunch.png Graphic file (type png)

<use ../HourglassCorrection/figs/xing_bunch.png>
Package pdftex.def Info: ../HourglassCorrection/figs/xing_bunch.png used on inp
ut line 3.
(pdftex.def)             Requested size: 469.74551pt x 150.4293pt.

<../HourglassCorrection/figs/bunch_rotation.png, id=365, 1161.33875pt x 871.255
pt>
File: ../HourglassCorrection/figs/bunch_rotation.png Graphic file (type png)
 <use ../HourglassCorrection/figs/bunch_rotation.png>
Package pdftex.def Info: ../HourglassCorrection/figs/bunch_rotation.png used on
 input line 4.
(pdftex.def)             Requested size: 421.44855pt x 316.17747pt.
)
(../HourglassCorrection/figs/beta_function.tex
<../HourglassCorrection/figs/beta_function.png, id=366, 973.6375pt x 693.59125p
t>
File: ../HourglassCorrection/figs/beta_function.png Graphic file (type png)
 <use ../HourglassCorrection/figs/beta_function.png>
Package pdftex.def Info: ../HourglassCorrection/figs/beta_function.png used on 
input line 3.
(pdftex.def)             Requested size: 469.74744pt x 334.63452pt.
) [29 <../HourglassCorrection/figs/xing_bunch.png> <../HourglassCorrection/figs
/bunch_rotation.png>]
[30 <../HourglassCorrection/figs/beta_function.png>]
(../HourglassCorrection/figs/sample_configuration.tex
<../HourglassCorrection/figs/sample_configuration.pdf, id=379, 569.12625pt x 41
0.53375pt>
File: ../HourglassCorrection/figs/sample_configuration.pdf Graphic file (type p
df)
 <use ../HourglassCorrection/figs/sample_configuration.pdf>
Package pdftex.def Info: ../HourglassCorrection/figs/sample_configuration.pdf u
sed on input line 3.
(pdftex.def)             Requested size: 469.7781pt x 338.86992pt.
) [31


 <../HourglassCorrection/figs/sample_configuration.pdf, page is rotated 90 degr
ees>] (../HourglassCorrection/figs/simulation_flow.tex
<../HourglassCorrection/figs/simulation_flow.pdf, id=428, 845.04686pt x 597.507
86pt>
File: ../HourglassCorrection/figs/simulation_flow.pdf Graphic file (type pdf)
 <use ../HourglassCorrection/figs/simulation_flow.pdf>
Package pdftex.def Info: ../HourglassCorrection/figs/simulation_flow.pdf used o
n input line 3.
(pdftex.def)             Requested size: 469.75444pt x 332.14958pt.
) [32] [33 <../HourglassCorrection/figs/simulation_flow.pdf>]
(../HourglassCorrection/figs/359711_wcm_zprofile.tex
<../HourglassCorrection/figs/359711_wcm_zprofile.pdf, id=465, 569.12625pt x 367
.3725pt>
File: ../HourglassCorrection/figs/359711_wcm_zprofile.pdf Graphic file (type pd
f)
 <use ../HourglassCorrection/figs/359711_wcm_zprofile.pdf>
Package pdftex.def Info: ../HourglassCorrection/figs/359711_wcm_zprofile.pdf us
ed on input line 3.
(pdftex.def)             Requested size: 469.7781pt x 303.243pt.
)
(../HourglassCorrection/figs/360879_wcm_zprofile.tex
<../HourglassCorrection/figs/360879_wcm_zprofile.pdf, id=466, 569.12625pt x 367
.3725pt>
File: ../HourglassCorrection/figs/360879_wcm_zprofile.pdf Graphic file (type pd
f)
 <use ../HourglassCorrection/figs/360879_wcm_zprofile.pdf>
Package pdftex.def Info: ../HourglassCorrection/figs/360879_wcm_zprofile.pdf us
ed on input line 3.
(pdftex.def)             Requested size: 469.7781pt x 303.243pt.
)
(../HourglassCorrection/figs/362492_wcm_zprofile.tex
<../HourglassCorrection/figs/362492_wcm_zprofile.pdf, id=467, 569.12625pt x 367
.3725pt>
File: ../HourglassCorrection/figs/362492_wcm_zprofile.pdf Graphic file (type pd
f)
 <use ../HourglassCorrection/figs/362492_wcm_zprofile.pdf>
Package pdftex.def Info: ../HourglassCorrection/figs/362492_wcm_zprofile.pdf us
ed on input line 3.
(pdftex.def)             Requested size: 469.7781pt x 303.243pt.
)
(../HourglassCorrection/figs/364636_wcm_zprofile.tex
<../HourglassCorrection/figs/364636_wcm_zprofile.pdf, id=468, 569.12625pt x 367
.3725pt>
File: ../HourglassCorrection/figs/364636_wcm_zprofile.pdf Graphic file (type pd
f)
 <use ../HourglassCorrection/figs/364636_wcm_zprofile.pdf>
Package pdftex.def Info: ../HourglassCorrection/figs/364636_wcm_zprofile.pdf us
ed on input line 3.
(pdftex.def)             Requested size: 469.7781pt x 303.243pt.
)
(../HourglassCorrection/figs/365866_wcm_zprofile.tex
<../HourglassCorrection/figs/365866_wcm_zprofile.pdf, id=469, 569.12625pt x 366
.36874pt>
File: ../HourglassCorrection/figs/365866_wcm_zprofile.pdf Graphic file (type pd
f)
 <use ../HourglassCorrection/figs/365866_wcm_zprofile.pdf>
Package pdftex.def Info: ../HourglassCorrection/figs/365866_wcm_zprofile.pdf us
ed on input line 3.
(pdftex.def)             Requested size: 469.7781pt x 302.41446pt.
)
(../HourglassCorrection/figs/366605_wcm_zprofile.tex
<../HourglassCorrection/figs/366605_wcm_zprofile.pdf, id=470, 569.12625pt x 367
.3725pt>
File: ../HourglassCorrection/figs/366605_wcm_zprofile.pdf Graphic file (type pd
f)
 <use ../HourglassCorrection/figs/366605_wcm_zprofile.pdf>
Package pdftex.def Info: ../HourglassCorrection/figs/366605_wcm_zprofile.pdf us
ed on input line 3.
(pdftex.def)             Requested size: 469.7781pt x 303.243pt.
)
(../HourglassCorrection/figs/367138_wcm_zprofile.tex
<../HourglassCorrection/figs/367138_wcm_zprofile.pdf, id=471, 569.12625pt x 367
.3725pt>
File: ../HourglassCorrection/figs/367138_wcm_zprofile.pdf Graphic file (type pd
f)
 <use ../HourglassCorrection/figs/367138_wcm_zprofile.pdf>
Package pdftex.def Info: ../HourglassCorrection/figs/367138_wcm_zprofile.pdf us
ed on input line 3.
(pdftex.def)             Requested size: 469.7781pt x 303.243pt.
) [34 <../HourglassCorrection/figs/359711_wcm_zprofile.pdf, page is rotated 90 
degrees>]
[35 <../HourglassCorrection/figs/360879_wcm_zprofile.pdf, page is rotated 90 de
grees>] [36 <../HourglassCorrection/figs/362492_wcm_zprofile.pdf, page is rotat
ed 90 degrees>] [37 <../HourglassCorrection/figs/364636_wcm_zprofile.pdf, page 
is rotated 90 degrees>] [38 <../HourglassCorrection/figs/365866_wcm_zprofile.pd
f, page is rotated 90 degrees>] [39 <../HourglassCorrection/figs/366605_wcm_zpr
ofile.pdf, page is rotated 90 degrees>] [40 <../HourglassCorrection/figs/367138
_wcm_zprofile.pdf, page is rotated 90 degrees>]

LaTeX Warning: Reference `359711_step14_config_compare' on page 41 undefined on
 input line 204.

(../HourglassCorrection/figs/359711_step0_config_compare.tex
<../HourglassCorrection/figs/359711_step0_config_compare.pdf, id=803, 569.12625
pt x 275.0275pt>
File: ../HourglassCorrection/figs/359711_step0_config_compare.pdf Graphic file 
(type pdf)

<use ../HourglassCorrection/figs/359711_step0_config_compare.pdf>
Package pdftex.def Info: ../HourglassCorrection/figs/359711_step0_config_compar
e.pdf used on input line 3.
(pdftex.def)             Requested size: 469.7781pt x 227.01799pt.
) [41


 <../HourglassCorrection/figs/359711_step0_config_compare.pdf, page is rotated 
90 degrees>]) [42

] (../MultipleCollisions/MultipleCollisions.tex
Chapter 6.
) [43


] (../Acknowledgements/Acknowledgements.tex [44


]
Chapter 7.

Underfull \vbox (badness 10000) has occurred while \output is active []

 [45])
[46] (./main.bbl (./main.brf)
\tf@brf=\write5
\openout5 = `main.brf'.

Missing character: There is no â in font pplri7t!
Missing character: There is no € in font pplri7t!
Missing character: There is no “ in font pplri7t!
Missing character: There is no â in font pplri7t!
Missing character: There is no ˆ in font pplri7t!
Missing character: There is no š in font pplri7t!
)
Package atveryend Info: Empty hook `BeforeClearDocument' on input line 48.
 [47



]
Package atveryend Info: Empty hook `AfterLastShipout' on input line 48.
 (./main.aux)
Package atveryend Info: Executing hook `AtVeryEndDocument' on input line 48.
Package atveryend Info: Executing hook `AtEndAfterFileList' on input line 48.
Package rerunfilecheck Info: File `main.out' has not changed.
(rerunfilecheck)             Checksum: 4BC480F740A3774FD1A93F4C999669BA;1386.
Package rerunfilecheck Info: File `main.brf' has not changed.
(rerunfilecheck)             Checksum: 4E60B8DC849C0F8A8CFCEE88D45393B0;724.


LaTeX Warning: There were undefined references.

Package atveryend Info: Empty hook `AtVeryVeryEnd' on input line 48.
 )
(\end occurred inside a group at level 1)

### simple group (level 1) entered at line 46 ({)
### bottom level 
Here is how much of TeX's memory you used:
 11310 strings out of 493304
 176220 string characters out of 6139872
 377060 words of memory out of 5000000
 14008 multiletter control sequences out of 15000+600000
 73349 words of font info for 308 fonts, out of 8000000 for 9000
 957 hyphenation exceptions out of 8191
 42i,15n,48p,860b,468s stack positions out of 5000i,500n,10000p,200000b,80000s
{/usr/share/texlive/texmf-dist/fonts/enc/dvips/base/8r.enc}</us
r/share/texlive/texmf-dist/fonts/type1/public/amsfonts/cm/cmex10.pfb></usr/shar
e/texlive/texmf-dist/fonts/type1/public/amsfonts/cm/cmmi10.pfb></usr/share/texl
ive/texmf-dist/fonts/type1/public/amsfonts/cm/cmmi12.pfb></usr/share/texlive/te
xmf-dist/fonts/type1/public/amsfonts/cm/cmr10.pfb></usr/share/texlive/texmf-dis
t/fonts/type1/public/amsfonts/cm/cmsy10.pfb></usr/share/texlive/texmf-dist/font
s/type1/public/amsfonts/euler/euex10.pfb></usr/share/texlive/texmf-dist/fonts/t
ype1/public/amsfonts/euler/eurm10.pfb></usr/share/texlive/texmf-dist/fonts/type
1/public/amsfonts/euler/eurm10.pfb></usr/share/texlive/texmf-dist/fonts/type1/u
rw/helvetic/uhvb8a.pfb></usr/share/texlive/texmf-dist/fonts/type1/urw/helvetic/
uhvr8a.pfb></usr/share/texlive/texmf-dist/fonts/type1/urw/helvetic/uhvro8a.pfb>
</usr/share/texlive/texmf-dist/fonts/type1/urw/palatino/uplb8a.pfb></usr/share/
texlive/texmf-dist/fonts/type1/urw/palatino/uplr8a.pfb></usr/share/texlive/texm
f-dist/fonts/type1/urw/palatino/uplri8a.pfb>
Output written on main.pdf (54 pages, 1054058 bytes).
PDF statistics:
 964 PDF objects out of 1000 (max. 8388607)
 625 compressed objects within 7 object streams
 138 named destinations out of 1000 (max. 500000)
 38149 words of extra memory for PDF output out of 42996 (max. 10000000)

